0 info it worked if it ends with ok
1 verbose cli [ '/usr/bin/nodejs', '/usr/bin/npm', 'install', 'nodemon', '-g' ]
2 info using npm@1.3.10
3 info using node@v0.10.25
4 verbose cache add [ 'nodemon', null ]
5 verbose cache add name=undefined spec="nodemon" args=["nodemon",null]
6 verbose parsed url { protocol: null,
6 verbose parsed url   slashes: null,
6 verbose parsed url   auth: null,
6 verbose parsed url   host: null,
6 verbose parsed url   port: null,
6 verbose parsed url   hostname: null,
6 verbose parsed url   hash: null,
6 verbose parsed url   search: null,
6 verbose parsed url   query: null,
6 verbose parsed url   pathname: 'nodemon',
6 verbose parsed url   path: 'nodemon',
6 verbose parsed url   href: 'nodemon' }
7 silly lockFile 1625b929-nodemon nodemon
8 verbose lock nodemon /home/ubuntu/.npm/1625b929-nodemon.lock
9 silly lockFile 1625b929-nodemon nodemon
10 silly lockFile 1625b929-nodemon nodemon
11 verbose addNamed [ 'nodemon', '' ]
12 verbose addNamed [ null, '*' ]
13 silly lockFile 4f5e51c6-nodemon nodemon@
14 verbose lock nodemon@ /home/ubuntu/.npm/4f5e51c6-nodemon.lock
15 silly addNameRange { name: 'nodemon', range: '*', hasData: false }
16 verbose url raw nodemon
17 verbose url resolving [ 'https://registry.npmjs.org/', './nodemon' ]
18 verbose url resolved https://registry.npmjs.org/nodemon
19 info trying registry request attempt 1 at 14:35:27
20 verbose etag "72cefecf8b8fe6393c4fa442660732e6"
21 http GET https://registry.npmjs.org/nodemon
22 http 200 https://registry.npmjs.org/nodemon
23 silly registry.get cb [ 200,
23 silly registry.get   { date: 'Mon, 08 Apr 2019 09:06:10 GMT',
23 silly registry.get     'content-type': 'application/json',
23 silly registry.get     'content-length': '507169',
23 silly registry.get     connection: 'keep-alive',
23 silly registry.get     'set-cookie': [ '__cfduid=d49cb975d007d868473114cc9cad6218c1554714370; expires=Tue, 07-Apr-20 09:06:10 GMT; path=/; domain=.registry.npmjs.org; HttpOnly' ],
23 silly registry.get     'cf-cache-status': 'HIT',
23 silly registry.get     'cache-control': 'max-age=300',
23 silly registry.get     'cf-ray': '4c4315704ccb8a8b-BOM',
23 silly registry.get     'accept-ranges': 'bytes',
23 silly registry.get     etag: '"ca10446e07f8c9314341a93bef4d131b"',
23 silly registry.get     'expect-ct': 'max-age=604800, report-uri="https://report-uri.cloudflare.com/cdn-cgi/beacon/expect-ct"',
23 silly registry.get     'last-modified': 'Sun, 24 Mar 2019 12:37:57 GMT',
23 silly registry.get     vary: 'accept-encoding, accept',
23 silly registry.get     'x-amz-meta-rev': '1024-8b639f507835d03d1df00f876196270c',
23 silly registry.get     server: 'cloudflare' } ]
24 silly addNameRange number 2 { name: 'nodemon', range: '*', hasData: true }
25 silly addNameRange versions [ 'nodemon',
25 silly addNameRange   [ '0.1.4',
25 silly addNameRange     '0.1.5',
25 silly addNameRange     '0.1.6',
25 silly addNameRange     '0.1.7',
25 silly addNameRange     '0.1.8',
25 silly addNameRange     '0.2.0',
25 silly addNameRange     '0.2.1',
25 silly addNameRange     '0.2.2',
25 silly addNameRange     '0.3.0',
25 silly addNameRange     '0.3.1',
25 silly addNameRange     '0.3.2',
25 silly addNameRange     '0.4.0',
25 silly addNameRange     '0.4.1',
25 silly addNameRange     '0.5.0',
25 silly addNameRange     '0.5.1',
25 silly addNameRange     '0.5.2',
25 silly addNameRange     '0.5.3',
25 silly addNameRange     '0.5.4',
25 silly addNameRange     '0.5.5',
25 silly addNameRange     '0.5.6',
25 silly addNameRange     '0.5.7',
25 silly addNameRange     '0.6.0',
25 silly addNameRange     '0.6.1',
25 silly addNameRange     '0.6.2',
25 silly addNameRange     '0.6.3',
25 silly addNameRange     '0.6.4',
25 silly addNameRange     '0.6.5',
25 silly addNameRange     '0.6.6',
25 silly addNameRange     '0.6.7',
25 silly addNameRange     '0.6.8',
25 silly addNameRange     '0.6.9',
25 silly addNameRange     '0.6.10',
25 silly addNameRange     '0.6.11',
25 silly addNameRange     '0.6.12',
25 silly addNameRange     '0.6.13',
25 silly addNameRange     '0.6.14',
25 silly addNameRange     '0.6.15',
25 silly addNameRange     '0.6.16',
25 silly addNameRange     '0.6.17',
25 silly addNameRange     '0.6.18',
25 silly addNameRange     '0.6.19',
25 silly addNameRange     '0.6.20',
25 silly addNameRange     '0.6.21',
25 silly addNameRange     '0.6.22',
25 silly addNameRange     '0.6.23',
25 silly addNameRange     '0.7.0',
25 silly addNameRange     '0.7.1',
25 silly addNameRange     '0.7.2',
25 silly addNameRange     '0.7.3',
25 silly addNameRange     '0.7.4',
25 silly addNameRange     '0.7.5',
25 silly addNameRange     '0.7.6',
25 silly addNameRange     '0.7.7',
25 silly addNameRange     '0.7.8',
25 silly addNameRange     '0.7.10',
25 silly addNameRange     '0.9.0',
25 silly addNameRange     '0.9.1',
25 silly addNameRange     '0.9.2',
25 silly addNameRange     '0.9.3',
25 silly addNameRange     '0.9.5',
25 silly addNameRange     '0.9.6',
25 silly addNameRange     '0.9.7',
25 silly addNameRange     '0.9.10',
25 silly addNameRange     '0.9.11',
25 silly addNameRange     '0.9.12',
25 silly addNameRange     '0.9.14',
25 silly addNameRange     '0.9.16',
25 silly addNameRange     '0.9.17',
25 silly addNameRange     '1.0.0',
25 silly addNameRange     '1.0.1',
25 silly addNameRange     '1.0.2',
25 silly addNameRange     '1.0.2-rc',
25 silly addNameRange     '0.6.10-a',
25 silly addNameRange     '1.0.2-rc3',
25 silly addNameRange     '1.0.2-rc4',
25 silly addNameRange     '1.0.3',
25 silly addNameRange     '1.0.4',
25 silly addNameRange     '1.0.5',
25 silly addNameRange     '1.0.6',
25 silly addNameRange     '1.0.7',
25 silly addNameRange     '1.0.8',
25 silly addNameRange     '1.0.9',
25 silly addNameRange     '1.0.10',
25 silly addNameRange     '1.0.11',
25 silly addNameRange     '1.0.12',
25 silly addNameRange     '1.0.13',
25 silly addNameRange     '1.0.14',
25 silly addNameRange     '1.0.15',
25 silly addNameRange     '1.0.16',
25 silly addNameRange     '1.0.17-rc1',
25 silly addNameRange     '1.0.17-rc2',
25 silly addNameRange     '1.0.17',
25 silly addNameRange     '1.0.18',
25 silly addNameRange     '1.0.19',
25 silly addNameRange     '1.0.20',
25 silly addNameRange     '1.1.0-alpha',
25 silly addNameRange     '1.1.0',
25 silly addNameRange     '1.1.1',
25 silly addNameRange     '1.2.0',
25 silly addNameRange     '1.2.1',
25 silly addNameRange     '1.3.0-0',
25 silly addNameRange     '1.3.0-1',
25 silly addNameRange     '1.3.0-2',
25 silly addNameRange     '1.3.0-3',
25 silly addNameRange     '1.3.0-4',
25 silly addNameRange     '1.3.0-5',
25 silly addNameRange     '1.3.0-6',
25 silly addNameRange     '1.3.0-7',
25 silly addNameRange     '1.3.0',
25 silly addNameRange     '1.3.1',
25 silly addNameRange     '1.3.2',
25 silly addNameRange     '1.3.3',
25 silly addNameRange     '1.3.5',
25 silly addNameRange     '1.3.6',
25 silly addNameRange     '1.3.7',
25 silly addNameRange     '1.3.8',
25 silly addNameRange     '1.4.0',
25 silly addNameRange     '1.4.1',
25 silly addNameRange     '1.5.0-alpha1',
25 silly addNameRange     '1.5.0-alpha2',
25 silly addNameRange     '1.5.0-alpha3',
25 silly addNameRange     '1.5.0-alpha4',
25 silly addNameRange     '1.4.2',
25 silly addNameRange     '1.5.0',
25 silly addNameRange     '1.5.1',
25 silly addNameRange     '1.6.0',
25 silly addNameRange     '1.6.1',
25 silly addNameRange     '1.7.0',
25 silly addNameRange     '1.7.1',
25 silly addNameRange     '1.7.2',
25 silly addNameRange     '1.7.3',
25 silly addNameRange     '1.8.0',
25 silly addNameRange     '1.8.1',
25 silly addNameRange     '1.9.0',
25 silly addNameRange     '1.9.1',
25 silly addNameRange     '1.9.2',
25 silly addNameRange     '1.10.0',
25 silly addNameRange     '1.10.1',
25 silly addNameRange     '1.10.2',
25 silly addNameRange     '1.11.0',
25 silly addNameRange     '1.11.1',
25 silly addNameRange     '1.12.0',
25 silly addNameRange     '1.12.1',
25 silly addNameRange     '1.12.2',
25 silly addNameRange     '1.12.3',
25 silly addNameRange     '1.12.4',
25 silly addNameRange     '1.12.5',
25 silly addNameRange     '1.12.6',
25 silly addNameRange     '1.12.7',
25 silly addNameRange     '1.13.0',
25 silly addNameRange     '1.13.1',
25 silly addNameRange     '1.13.2',
25 silly addNameRange     '1.13.3',
25 silly addNameRange     '1.14.0',
25 silly addNameRange     '1.14.1',
25 silly addNameRange     '1.14.2',
25 silly addNameRange     '1.14.3',
25 silly addNameRange     '1.14.4',
25 silly addNameRange     '1.14.5',
25 silly addNameRange     '1.14.6',
25 silly addNameRange     '1.14.7',
25 silly addNameRange     '1.14.8-alpha.1',
25 silly addNameRange     '1.14.8',
25 silly addNameRange     '1.14.9-alpha.1',
25 silly addNameRange     '1.14.9',
25 silly addNameRange     '1.4.10-alpha.1',
25 silly addNameRange     '1.4.10-alpha.2',
25 silly addNameRange     '1.4.10-alpha.3',
25 silly addNameRange     '1.14.10',
25 silly addNameRange     '1.14.11',
25 silly addNameRange     '1.14.12',
25 silly addNameRange     '1.15.0',
25 silly addNameRange     '1.15.1',
25 silly addNameRange     '1.15.2-alpha.1',
25 silly addNameRange     '1.15.2-alpha.2',
25 silly addNameRange     '1.16.0',
25 silly addNameRange     '1.16.1',
25 silly addNameRange     '1.17.0',
25 silly addNameRange     '1.17.1',
25 silly addNameRange     '1.17.2',
25 silly addNameRange     '1.17.3',
25 silly addNameRange     '1.17.4-alpha.1',
25 silly addNameRange     '1.17.4-alpha.2',
25 silly addNameRange     '1.17.4',
25 silly addNameRange     '1.17.5-alpha.1',
25 silly addNameRange     '1.17.5-alpha.2',
25 silly addNameRange     '1.17.5',
25 silly addNameRange     '1.18.0',
25 silly addNameRange     '1.18.1-alpha.1',
25 silly addNameRange     '1.18.1-alpha.2',
25 silly addNameRange     '1.18.1',
25 silly addNameRange     '1.18.2-alpha.1',
25 silly addNameRange     '1.18.2',
25 silly addNameRange     '1.18.3',
25 silly addNameRange     '1.18.4',
25 silly addNameRange     '1.18.5',
25 silly addNameRange     '1.18.6',
25 silly addNameRange     '1.18.7',
25 silly addNameRange     '1.18.8',
25 silly addNameRange     '1.18.9',
25 silly addNameRange     '1.18.10' ] ]
26 verbose addNamed [ 'nodemon', '1.18.10' ]
27 verbose addNamed [ '1.18.10', '1.18.10' ]
28 silly lockFile bce58f2f-nodemon-1-18-10 nodemon@1.18.10
29 verbose lock nodemon@1.18.10 /home/ubuntu/.npm/bce58f2f-nodemon-1-18-10.lock
30 silly lockFile 19677b8a--org-nodemon-nodemon-1-18-10-tgz https://registry.npmjs.org/nodemon/-/nodemon-1.18.10.tgz
31 verbose lock https://registry.npmjs.org/nodemon/-/nodemon-1.18.10.tgz /home/ubuntu/.npm/19677b8a--org-nodemon-nodemon-1-18-10-tgz.lock
32 verbose addRemoteTarball [ 'https://registry.npmjs.org/nodemon/-/nodemon-1.18.10.tgz',
32 verbose addRemoteTarball   '3ba63f64eb4c283cf3e4f75f30817e9d4f393afe' ]
33 silly lockFile 19677b8a--org-nodemon-nodemon-1-18-10-tgz https://registry.npmjs.org/nodemon/-/nodemon-1.18.10.tgz
34 silly lockFile 19677b8a--org-nodemon-nodemon-1-18-10-tgz https://registry.npmjs.org/nodemon/-/nodemon-1.18.10.tgz
35 silly lockFile bce58f2f-nodemon-1-18-10 nodemon@1.18.10
36 silly lockFile bce58f2f-nodemon-1-18-10 nodemon@1.18.10
37 silly lockFile 4f5e51c6-nodemon nodemon@
38 silly lockFile 4f5e51c6-nodemon nodemon@
39 error Error: EACCES, mkdir '/home/ubuntu/tmp/npm-8674-AOQrm3Uc'
39 error  { [Error: EACCES, mkdir '/home/ubuntu/tmp/npm-8674-AOQrm3Uc']
39 error   errno: 3,
39 error   code: 'EACCES',
39 error   path: '/home/ubuntu/tmp/npm-8674-AOQrm3Uc' }
40 error Please try running this command again as root/Administrator.
41 error System Linux 3.19.0-30-generic
42 error command "/usr/bin/nodejs" "/usr/bin/npm" "install" "nodemon" "-g"
43 error cwd /home/ubuntu/Albin/nodejs
44 error node -v v0.10.25
45 error npm -v 1.3.10
46 error path /home/ubuntu/tmp/npm-8674-AOQrm3Uc
47 error code EACCES
48 error errno 3
49 error stack Error: EACCES, mkdir '/home/ubuntu/tmp/npm-8674-AOQrm3Uc'
50 verbose exit [ 3, true ]
